<?xml version="1.0" encoding="UTF-8"?>
<testng-results ignored="0" total="1" passed="1" failed="0" skipped="0">
  <reporter-output>
  </reporter-output>
  <suite started-at="2024-01-11T07:25:37 IST" name="Suite" finished-at="2024-01-11T07:25:59 IST" duration-ms="21361">
    <groups>
    </groups>
    <test started-at="2024-01-11T07:25:37 IST" name="Test" finished-at="2024-01-11T07:25:59 IST" duration-ms="21361">
      <class name="Day3_POM_PageFactory.PomCallingDay3">
        <test-method signature="calling()[pri:0, instance:Day3_POM_PageFactory.PomCallingDay3@6f96c77]" started-at="2024-01-11T07:25:37 IST" name="calling" finished-at="2024-01-11T07:25:59 IST" duration-ms="21268" status="PASS">
          <reporter-output>
          </reporter-output>
        </test-method> <!-- calling -->
      </class> <!-- Day3_POM_PageFactory.PomCallingDay3 -->
    </test> <!-- Test -->
  </suite> <!-- Suite -->
</testng-results>
